{"uid":"2c8e0355b0864585","name":"Cikk létrehozása","fullName":"vizsgaremek_automata_teszt.test_Conduit.TestConduit#test_new_article","historyId":"946e243fdaf4206752e5cc13199e29ee","time":{"start":1681301548867,"stop":1681301557962,"duration":9095},"status":"broken","statusMessage":"selenium.common.exceptions.TimeoutException: Message: \nStacktrace:\n#0 0x55fffd5b3243 <unknown>\n#1 0x55fffd3777a6 <unknown>\n#2 0x55fffd3b464d <unknown>\n#3 0x55fffd3b4761 <unknown>\n#4 0x55fffd3efda4 <unknown>\n#5 0x55fffd3d50ad <unknown>\n#6 0x55fffd3ed932 <unknown>\n#7 0x55fffd3d4e53 <unknown>\n#8 0x55fffd3a79ea <unknown>\n#9 0x55fffd3a8b2e <unknown>\n#10 0x55fffd607d5e <unknown>\n#11 0x55fffd60ba80 <unknown>\n#12 0x55fffd5ed8b0 <unknown>\n#13 0x55fffd60cb63 <unknown>\n#14 0x55fffd5def75 <unknown>\n#15 0x55fffd62f998 <unknown>\n#16 0x55fffd62fb27 <unknown>\n#17 0x55fffd64ac23 <unknown>\n#18 0x7f54078adb43 <unknown>","statusTrace":"self = <test_Conduit.TestConduit object at 0x7f7aa33aee00>\n\n    @allure.id('ATC_06')\n    @allure.title('Cikk létrehozása')\n    def test_new_article(self):\n        self.accept_cookie()\n        self.login()\n>       self.new_article()\n\nvizsgaremek_automata_teszt/test_Conduit.py:72: \n_ _ _ _ _ _ _ _ _ _ _ _ _ _ _ _ _ _ _ _ _ _ _ _ _ _ _ _ _ _ _ _ _ _ _ _ _ _ _ _ \nvizsgaremek_automata_teszt/fuggvenyek.py:168: in new_article\n    saved_enter_tags = WebDriverWait(self.browser, 5).until(\n_ _ _ _ _ _ _ _ _ _ _ _ _ _ _ _ _ _ _ _ _ _ _ _ _ _ _ _ _ _ _ _ _ _ _ _ _ _ _ _ \n\nself = <selenium.webdriver.support.wait.WebDriverWait (session=\"b94eedf8e4f8e33006ea659a048d3c94\")>\nmethod = <function presence_of_element_located.<locals>._predicate at 0x7f7aa22c0310>\nmessage = ''\n\n    def until(self, method, message: str = \"\"):\n        \"\"\"Calls the method provided with the driver as an argument until the \\\n        return value does not evaluate to ``False``.\n    \n        :param method: callable(WebDriver)\n        :param message: optional message for :exc:`TimeoutException`\n        :returns: the result of the last call to `method`\n        :raises: :exc:`selenium.common.exceptions.TimeoutException` if timeout occurs\n        \"\"\"\n        screen = None\n        stacktrace = None\n    \n        end_time = time.monotonic() + self._timeout\n        while True:\n            try:\n                value = method(self._driver)\n                if value:\n                    return value\n            except self._ignored_exceptions as exc:\n                screen = getattr(exc, \"screen\", None)\n                stacktrace = getattr(exc, \"stacktrace\", None)\n            time.sleep(self._poll)\n            if time.monotonic() > end_time:\n                break\n>       raise TimeoutException(message, screen, stacktrace)\nE       selenium.common.exceptions.TimeoutException: Message: \nE       Stacktrace:\nE       #0 0x55fffd5b3243 <unknown>\nE       #1 0x55fffd3777a6 <unknown>\nE       #2 0x55fffd3b464d <unknown>\nE       #3 0x55fffd3b4761 <unknown>\nE       #4 0x55fffd3efda4 <unknown>\nE       #5 0x55fffd3d50ad <unknown>\nE       #6 0x55fffd3ed932 <unknown>\nE       #7 0x55fffd3d4e53 <unknown>\nE       #8 0x55fffd3a79ea <unknown>\nE       #9 0x55fffd3a8b2e <unknown>\nE       #10 0x55fffd607d5e <unknown>\nE       #11 0x55fffd60ba80 <unknown>\nE       #12 0x55fffd5ed8b0 <unknown>\nE       #13 0x55fffd60cb63 <unknown>\nE       #14 0x55fffd5def75 <unknown>\nE       #15 0x55fffd62f998 <unknown>\nE       #16 0x55fffd62fb27 <unknown>\nE       #17 0x55fffd64ac23 <unknown>\nE       #18 0x7f54078adb43 <unknown>\n\n/opt/hostedtoolcache/Python/3.10.10/x64/lib/python3.10/site-packages/selenium/webdriver/support/wait.py:95: TimeoutException","flaky":false,"newFailed":false,"newBroken":false,"newPassed":false,"retriesCount":0,"retriesStatusChange":false,"beforeStages":[{"name":"_xunit_setup_method_fixture_TestConduit","time":{"start":1681301547680,"stop":1681301548866,"duration":1186},"status":"passed","steps":[],"attachments":[],"parameters":[],"stepsCount":0,"attachmentsCount":0,"shouldDisplayMessage":false,"hasContent":false}],"afterStages":[{"name":"_xunit_setup_method_fixture_TestConduit::0","time":{"start":1681301558008,"stop":1681301558067,"duration":59},"status":"passed","steps":[],"attachments":[],"parameters":[],"stepsCount":0,"attachmentsCount":0,"shouldDisplayMessage":false,"hasContent":false}],"labels":[{"name":"as_id","value":"ATC_06"},{"name":"parentSuite","value":"vizsgaremek_automata_teszt"},{"name":"suite","value":"test_Conduit"},{"name":"subSuite","value":"TestConduit"},{"name":"host","value":"fv-az482-800"},{"name":"thread","value":"3039-MainThread"},{"name":"framework","value":"pytest"},{"name":"language","value":"cpython3"},{"name":"package","value":"vizsgaremek_automata_teszt.test_Conduit"},{"name":"resultFormat","value":"allure2"}],"parameters":[],"links":[],"hidden":false,"retry":false,"extra":{"severity":"normal","retries":[],"categories":[{"name":"Test defects","matchedStatuses":[],"flaky":false}],"tags":[]},"source":"2c8e0355b0864585.json","parameterValues":[]}