{"uid":"8a0d9fa37361cc38","name":"Saját cikk hozzászólása","fullName":"vizsgaremek_automata_teszt.test_Conduit.TestConduit#test_new_comment","historyId":"7479a47a4bdaa3052e09d68e385f92c0","time":{"start":1681301569791,"stop":1681301578887,"duration":9096},"status":"broken","statusMessage":"selenium.common.exceptions.TimeoutException: Message: \nStacktrace:\n#0 0x557d49a70243 <unknown>\n#1 0x557d498347a6 <unknown>\n#2 0x557d4987164d <unknown>\n#3 0x557d49871761 <unknown>\n#4 0x557d498acda4 <unknown>\n#5 0x557d498920ad <unknown>\n#6 0x557d498aa932 <unknown>\n#7 0x557d49891e53 <unknown>\n#8 0x557d498649ea <unknown>\n#9 0x557d49865b2e <unknown>\n#10 0x557d49ac4d5e <unknown>\n#11 0x557d49ac8a80 <unknown>\n#12 0x557d49aaa8b0 <unknown>\n#13 0x557d49ac9b63 <unknown>\n#14 0x557d49a9bf75 <unknown>\n#15 0x557d49aec998 <unknown>\n#16 0x557d49aecb27 <unknown>\n#17 0x557d49b07c23 <unknown>\n#18 0x7fd3c57ffb43 <unknown>","statusTrace":"self = <test_Conduit.TestConduit object at 0x7f7aa33af070>\n\n    @allure.id('ATC_08')\n    @allure.title('Saját cikk hozzászólása')\n    def test_new_comment(self):\n        self.accept_cookie()\n        self.login()\n>       self.new_article()\n\nvizsgaremek_automata_teszt/test_Conduit.py:89: \n_ _ _ _ _ _ _ _ _ _ _ _ _ _ _ _ _ _ _ _ _ _ _ _ _ _ _ _ _ _ _ _ _ _ _ _ _ _ _ _ \nvizsgaremek_automata_teszt/fuggvenyek.py:168: in new_article\n    saved_enter_tags = WebDriverWait(self.browser, 5).until(\n_ _ _ _ _ _ _ _ _ _ _ _ _ _ _ _ _ _ _ _ _ _ _ _ _ _ _ _ _ _ _ _ _ _ _ _ _ _ _ _ \n\nself = <selenium.webdriver.support.wait.WebDriverWait (session=\"8790ca8effd15200c2a43bfd19f1607f\")>\nmethod = <function presence_of_element_located.<locals>._predicate at 0x7f7aa22d6e60>\nmessage = ''\n\n    def until(self, method, message: str = \"\"):\n        \"\"\"Calls the method provided with the driver as an argument until the \\\n        return value does not evaluate to ``False``.\n    \n        :param method: callable(WebDriver)\n        :param message: optional message for :exc:`TimeoutException`\n        :returns: the result of the last call to `method`\n        :raises: :exc:`selenium.common.exceptions.TimeoutException` if timeout occurs\n        \"\"\"\n        screen = None\n        stacktrace = None\n    \n        end_time = time.monotonic() + self._timeout\n        while True:\n            try:\n                value = method(self._driver)\n                if value:\n                    return value\n            except self._ignored_exceptions as exc:\n                screen = getattr(exc, \"screen\", None)\n                stacktrace = getattr(exc, \"stacktrace\", None)\n            time.sleep(self._poll)\n            if time.monotonic() > end_time:\n                break\n>       raise TimeoutException(message, screen, stacktrace)\nE       selenium.common.exceptions.TimeoutException: Message: \nE       Stacktrace:\nE       #0 0x557d49a70243 <unknown>\nE       #1 0x557d498347a6 <unknown>\nE       #2 0x557d4987164d <unknown>\nE       #3 0x557d49871761 <unknown>\nE       #4 0x557d498acda4 <unknown>\nE       #5 0x557d498920ad <unknown>\nE       #6 0x557d498aa932 <unknown>\nE       #7 0x557d49891e53 <unknown>\nE       #8 0x557d498649ea <unknown>\nE       #9 0x557d49865b2e <unknown>\nE       #10 0x557d49ac4d5e <unknown>\nE       #11 0x557d49ac8a80 <unknown>\nE       #12 0x557d49aaa8b0 <unknown>\nE       #13 0x557d49ac9b63 <unknown>\nE       #14 0x557d49a9bf75 <unknown>\nE       #15 0x557d49aec998 <unknown>\nE       #16 0x557d49aecb27 <unknown>\nE       #17 0x557d49b07c23 <unknown>\nE       #18 0x7fd3c57ffb43 <unknown>\n\n/opt/hostedtoolcache/Python/3.10.10/x64/lib/python3.10/site-packages/selenium/webdriver/support/wait.py:95: TimeoutException","flaky":false,"newFailed":false,"newBroken":false,"newPassed":false,"retriesCount":0,"retriesStatusChange":false,"beforeStages":[{"name":"_xunit_setup_method_fixture_TestConduit","time":{"start":1681301568607,"stop":1681301569791,"duration":1184},"status":"passed","steps":[],"attachments":[],"parameters":[],"stepsCount":0,"attachmentsCount":0,"shouldDisplayMessage":false,"hasContent":false}],"afterStages":[{"name":"_xunit_setup_method_fixture_TestConduit::0","time":{"start":1681301578897,"stop":1681301578954,"duration":57},"status":"passed","steps":[],"attachments":[],"parameters":[],"stepsCount":0,"attachmentsCount":0,"shouldDisplayMessage":false,"hasContent":false}],"labels":[{"name":"as_id","value":"ATC_08"},{"name":"parentSuite","value":"vizsgaremek_automata_teszt"},{"name":"suite","value":"test_Conduit"},{"name":"subSuite","value":"TestConduit"},{"name":"host","value":"fv-az482-800"},{"name":"thread","value":"3039-MainThread"},{"name":"framework","value":"pytest"},{"name":"language","value":"cpython3"},{"name":"package","value":"vizsgaremek_automata_teszt.test_Conduit"},{"name":"resultFormat","value":"allure2"}],"parameters":[],"links":[],"hidden":false,"retry":false,"extra":{"severity":"normal","retries":[],"categories":[{"name":"Test defects","matchedStatuses":[],"flaky":false}],"tags":[]},"source":"8a0d9fa37361cc38.json","parameterValues":[]}