{"uid":"9c378ae26c1493fd","name":"Saját cikk címének módosítása","fullName":"vizsgaremek_automata_teszt.test_Conduit.TestConduit#test_mod_article_title","historyId":"4b76c972335fc6fa4a7c3e6f80745467","time":{"start":1681301559400,"stop":1681301568540,"duration":9140},"status":"broken","statusMessage":"selenium.common.exceptions.TimeoutException: Message: \nStacktrace:\n#0 0x559d3ffbd243 <unknown>\n#1 0x559d3fd817a6 <unknown>\n#2 0x559d3fdbe64d <unknown>\n#3 0x559d3fdbe761 <unknown>\n#4 0x559d3fdf9da4 <unknown>\n#5 0x559d3fddf0ad <unknown>\n#6 0x559d3fdf7932 <unknown>\n#7 0x559d3fddee53 <unknown>\n#8 0x559d3fdb19ea <unknown>\n#9 0x559d3fdb2b2e <unknown>\n#10 0x559d40011d5e <unknown>\n#11 0x559d40015a80 <unknown>\n#12 0x559d3fff78b0 <unknown>\n#13 0x559d40016b63 <unknown>\n#14 0x559d3ffe8f75 <unknown>\n#15 0x559d40039998 <unknown>\n#16 0x559d40039b27 <unknown>\n#17 0x559d40054c23 <unknown>\n#18 0x7f1398916b43 <unknown>","statusTrace":"self = <test_Conduit.TestConduit object at 0x7f7aa33ae140>\n\n    @allure.id('ATC_07')\n    @allure.title('Saját cikk címének módosítása')\n    def test_mod_article_title(self):\n        self.accept_cookie()\n        self.login()\n>       self.new_article()\n\nvizsgaremek_automata_teszt/test_Conduit.py:80: \n_ _ _ _ _ _ _ _ _ _ _ _ _ _ _ _ _ _ _ _ _ _ _ _ _ _ _ _ _ _ _ _ _ _ _ _ _ _ _ _ \nvizsgaremek_automata_teszt/fuggvenyek.py:168: in new_article\n    saved_enter_tags = WebDriverWait(self.browser, 5).until(\n_ _ _ _ _ _ _ _ _ _ _ _ _ _ _ _ _ _ _ _ _ _ _ _ _ _ _ _ _ _ _ _ _ _ _ _ _ _ _ _ \n\nself = <selenium.webdriver.support.wait.WebDriverWait (session=\"2f5448bad08d37d81767a1d93e451efc\")>\nmethod = <function presence_of_element_located.<locals>._predicate at 0x7f7aa348e290>\nmessage = ''\n\n    def until(self, method, message: str = \"\"):\n        \"\"\"Calls the method provided with the driver as an argument until the \\\n        return value does not evaluate to ``False``.\n    \n        :param method: callable(WebDriver)\n        :param message: optional message for :exc:`TimeoutException`\n        :returns: the result of the last call to `method`\n        :raises: :exc:`selenium.common.exceptions.TimeoutException` if timeout occurs\n        \"\"\"\n        screen = None\n        stacktrace = None\n    \n        end_time = time.monotonic() + self._timeout\n        while True:\n            try:\n                value = method(self._driver)\n                if value:\n                    return value\n            except self._ignored_exceptions as exc:\n                screen = getattr(exc, \"screen\", None)\n                stacktrace = getattr(exc, \"stacktrace\", None)\n            time.sleep(self._poll)\n            if time.monotonic() > end_time:\n                break\n>       raise TimeoutException(message, screen, stacktrace)\nE       selenium.common.exceptions.TimeoutException: Message: \nE       Stacktrace:\nE       #0 0x559d3ffbd243 <unknown>\nE       #1 0x559d3fd817a6 <unknown>\nE       #2 0x559d3fdbe64d <unknown>\nE       #3 0x559d3fdbe761 <unknown>\nE       #4 0x559d3fdf9da4 <unknown>\nE       #5 0x559d3fddf0ad <unknown>\nE       #6 0x559d3fdf7932 <unknown>\nE       #7 0x559d3fddee53 <unknown>\nE       #8 0x559d3fdb19ea <unknown>\nE       #9 0x559d3fdb2b2e <unknown>\nE       #10 0x559d40011d5e <unknown>\nE       #11 0x559d40015a80 <unknown>\nE       #12 0x559d3fff78b0 <unknown>\nE       #13 0x559d40016b63 <unknown>\nE       #14 0x559d3ffe8f75 <unknown>\nE       #15 0x559d40039998 <unknown>\nE       #16 0x559d40039b27 <unknown>\nE       #17 0x559d40054c23 <unknown>\nE       #18 0x7f1398916b43 <unknown>\n\n/opt/hostedtoolcache/Python/3.10.10/x64/lib/python3.10/site-packages/selenium/webdriver/support/wait.py:95: TimeoutException","flaky":false,"newFailed":false,"newBroken":false,"newPassed":false,"retriesCount":0,"retriesStatusChange":false,"beforeStages":[{"name":"_xunit_setup_method_fixture_TestConduit","time":{"start":1681301558069,"stop":1681301559400,"duration":1331},"status":"passed","steps":[],"attachments":[],"parameters":[],"stepsCount":0,"attachmentsCount":0,"shouldDisplayMessage":false,"hasContent":false}],"afterStages":[{"name":"_xunit_setup_method_fixture_TestConduit::0","time":{"start":1681301568550,"stop":1681301568606,"duration":56},"status":"passed","steps":[],"attachments":[],"parameters":[],"stepsCount":0,"attachmentsCount":0,"shouldDisplayMessage":false,"hasContent":false}],"labels":[{"name":"as_id","value":"ATC_07"},{"name":"parentSuite","value":"vizsgaremek_automata_teszt"},{"name":"suite","value":"test_Conduit"},{"name":"subSuite","value":"TestConduit"},{"name":"host","value":"fv-az482-800"},{"name":"thread","value":"3039-MainThread"},{"name":"framework","value":"pytest"},{"name":"language","value":"cpython3"},{"name":"package","value":"vizsgaremek_automata_teszt.test_Conduit"},{"name":"resultFormat","value":"allure2"}],"parameters":[],"links":[],"hidden":false,"retry":false,"extra":{"severity":"normal","retries":[],"categories":[{"name":"Test defects","matchedStatuses":[],"flaky":false}],"tags":[]},"source":"9c378ae26c1493fd.json","parameterValues":[]}