{"uid":"beb0164d7ffbc4a7","name":"Saját cikk törlése","fullName":"vizsgaremek_automata_teszt.test_Conduit.TestConduit#test_article_del","historyId":"dabf4c69fea555f19e1f0e549370f10d","time":{"start":1681301580142,"stop":1681301589157,"duration":9015},"status":"broken","statusMessage":"selenium.common.exceptions.TimeoutException: Message: \nStacktrace:\n#0 0x5641c46c7243 <unknown>\n#1 0x5641c448b7a6 <unknown>\n#2 0x5641c44c864d <unknown>\n#3 0x5641c44c8761 <unknown>\n#4 0x5641c4503da4 <unknown>\n#5 0x5641c44e90ad <unknown>\n#6 0x5641c4501932 <unknown>\n#7 0x5641c44e8e53 <unknown>\n#8 0x5641c44bb9ea <unknown>\n#9 0x5641c44bcb2e <unknown>\n#10 0x5641c471bd5e <unknown>\n#11 0x5641c471fa80 <unknown>\n#12 0x5641c47018b0 <unknown>\n#13 0x5641c4720b63 <unknown>\n#14 0x5641c46f2f75 <unknown>\n#15 0x5641c4743998 <unknown>\n#16 0x5641c4743b27 <unknown>\n#17 0x5641c475ec23 <unknown>\n#18 0x7f24f3435b43 <unknown>","statusTrace":"self = <test_Conduit.TestConduit object at 0x7f7aa33af1c0>\n\n    @allure.id('ATC_09')\n    @allure.title('Saját cikk törlése')\n    def test_article_del(self):\n        self.accept_cookie()\n        self.login()\n>       self.new_article()\n\nvizsgaremek_automata_teszt/test_Conduit.py:98: \n_ _ _ _ _ _ _ _ _ _ _ _ _ _ _ _ _ _ _ _ _ _ _ _ _ _ _ _ _ _ _ _ _ _ _ _ _ _ _ _ \nvizsgaremek_automata_teszt/fuggvenyek.py:168: in new_article\n    saved_enter_tags = WebDriverWait(self.browser, 5).until(\n_ _ _ _ _ _ _ _ _ _ _ _ _ _ _ _ _ _ _ _ _ _ _ _ _ _ _ _ _ _ _ _ _ _ _ _ _ _ _ _ \n\nself = <selenium.webdriver.support.wait.WebDriverWait (session=\"2f3493b9237f00635d367ef6b13eb4a4\")>\nmethod = <function presence_of_element_located.<locals>._predicate at 0x7f7aa348e3b0>\nmessage = ''\n\n    def until(self, method, message: str = \"\"):\n        \"\"\"Calls the method provided with the driver as an argument until the \\\n        return value does not evaluate to ``False``.\n    \n        :param method: callable(WebDriver)\n        :param message: optional message for :exc:`TimeoutException`\n        :returns: the result of the last call to `method`\n        :raises: :exc:`selenium.common.exceptions.TimeoutException` if timeout occurs\n        \"\"\"\n        screen = None\n        stacktrace = None\n    \n        end_time = time.monotonic() + self._timeout\n        while True:\n            try:\n                value = method(self._driver)\n                if value:\n                    return value\n            except self._ignored_exceptions as exc:\n                screen = getattr(exc, \"screen\", None)\n                stacktrace = getattr(exc, \"stacktrace\", None)\n            time.sleep(self._poll)\n            if time.monotonic() > end_time:\n                break\n>       raise TimeoutException(message, screen, stacktrace)\nE       selenium.common.exceptions.TimeoutException: Message: \nE       Stacktrace:\nE       #0 0x5641c46c7243 <unknown>\nE       #1 0x5641c448b7a6 <unknown>\nE       #2 0x5641c44c864d <unknown>\nE       #3 0x5641c44c8761 <unknown>\nE       #4 0x5641c4503da4 <unknown>\nE       #5 0x5641c44e90ad <unknown>\nE       #6 0x5641c4501932 <unknown>\nE       #7 0x5641c44e8e53 <unknown>\nE       #8 0x5641c44bb9ea <unknown>\nE       #9 0x5641c44bcb2e <unknown>\nE       #10 0x5641c471bd5e <unknown>\nE       #11 0x5641c471fa80 <unknown>\nE       #12 0x5641c47018b0 <unknown>\nE       #13 0x5641c4720b63 <unknown>\nE       #14 0x5641c46f2f75 <unknown>\nE       #15 0x5641c4743998 <unknown>\nE       #16 0x5641c4743b27 <unknown>\nE       #17 0x5641c475ec23 <unknown>\nE       #18 0x7f24f3435b43 <unknown>\n\n/opt/hostedtoolcache/Python/3.10.10/x64/lib/python3.10/site-packages/selenium/webdriver/support/wait.py:95: TimeoutException","flaky":false,"newFailed":false,"newBroken":false,"newPassed":false,"retriesCount":0,"retriesStatusChange":false,"beforeStages":[{"name":"_xunit_setup_method_fixture_TestConduit","time":{"start":1681301578956,"stop":1681301580142,"duration":1186},"status":"passed","steps":[],"attachments":[],"parameters":[],"stepsCount":0,"attachmentsCount":0,"shouldDisplayMessage":false,"hasContent":false}],"afterStages":[{"name":"_xunit_setup_method_fixture_TestConduit::0","time":{"start":1681301589167,"stop":1681301589223,"duration":56},"status":"passed","steps":[],"attachments":[],"parameters":[],"stepsCount":0,"attachmentsCount":0,"shouldDisplayMessage":false,"hasContent":false}],"labels":[{"name":"as_id","value":"ATC_09"},{"name":"parentSuite","value":"vizsgaremek_automata_teszt"},{"name":"suite","value":"test_Conduit"},{"name":"subSuite","value":"TestConduit"},{"name":"host","value":"fv-az482-800"},{"name":"thread","value":"3039-MainThread"},{"name":"framework","value":"pytest"},{"name":"language","value":"cpython3"},{"name":"package","value":"vizsgaremek_automata_teszt.test_Conduit"},{"name":"resultFormat","value":"allure2"}],"parameters":[],"links":[],"hidden":false,"retry":false,"extra":{"severity":"normal","retries":[],"categories":[{"name":"Test defects","matchedStatuses":[],"flaky":false}],"tags":[]},"source":"beb0164d7ffbc4a7.json","parameterValues":[]}