{"uid":"4402cb8d06fa653f","name":"Saját cikk címének módosítása","fullName":"vizsgaremek_automata_teszt.test_Conduit.TestConduit#test_mod_article_title","historyId":"4b76c972335fc6fa4a7c3e6f80745467","time":{"start":1681298911252,"stop":1681298920841,"duration":9589},"status":"broken","statusMessage":"selenium.common.exceptions.TimeoutException: Message: \nStacktrace:\n#0 0x559ece3ca243 <unknown>\n#1 0x559ece18e7a6 <unknown>\n#2 0x559ece1cb64d <unknown>\n#3 0x559ece1cb761 <unknown>\n#4 0x559ece206da4 <unknown>\n#5 0x559ece1ec0ad <unknown>\n#6 0x559ece204932 <unknown>\n#7 0x559ece1ebe53 <unknown>\n#8 0x559ece1be9ea <unknown>\n#9 0x559ece1bfb2e <unknown>\n#10 0x559ece41ed5e <unknown>\n#11 0x559ece422a80 <unknown>\n#12 0x559ece4048b0 <unknown>\n#13 0x559ece423b63 <unknown>\n#14 0x559ece3f5f75 <unknown>\n#15 0x559ece446998 <unknown>\n#16 0x559ece446b27 <unknown>\n#17 0x559ece461c23 <unknown>\n#18 0x7f4ab8353b43 <unknown>","statusTrace":"self = <test_Conduit.TestConduit object at 0x7f163cca6050>\n\n    @allure.id('ATC_07')\n    @allure.title('Saját cikk címének módosítása')\n    def test_mod_article_title(self):\n        self.accept_cookie()\n        self.login()\n>       self.new_article()\n\nvizsgaremek_automata_teszt/test_Conduit.py:80: \n_ _ _ _ _ _ _ _ _ _ _ _ _ _ _ _ _ _ _ _ _ _ _ _ _ _ _ _ _ _ _ _ _ _ _ _ _ _ _ _ \nvizsgaremek_automata_teszt/fuggvenyek.py:165: in new_article\n    saved_enter_tags = WebDriverWait(self.browser, 5).until(\n_ _ _ _ _ _ _ _ _ _ _ _ _ _ _ _ _ _ _ _ _ _ _ _ _ _ _ _ _ _ _ _ _ _ _ _ _ _ _ _ \n\nself = <selenium.webdriver.support.wait.WebDriverWait (session=\"889d8ba6cbf755631d0485d82b3d7840\")>\nmethod = <function presence_of_element_located.<locals>._predicate at 0x7f163cb86320>\nmessage = ''\n\n    def until(self, method, message: str = \"\"):\n        \"\"\"Calls the method provided with the driver as an argument until the \\\n        return value does not evaluate to ``False``.\n    \n        :param method: callable(WebDriver)\n        :param message: optional message for :exc:`TimeoutException`\n        :returns: the result of the last call to `method`\n        :raises: :exc:`selenium.common.exceptions.TimeoutException` if timeout occurs\n        \"\"\"\n        screen = None\n        stacktrace = None\n    \n        end_time = time.monotonic() + self._timeout\n        while True:\n            try:\n                value = method(self._driver)\n                if value:\n                    return value\n            except self._ignored_exceptions as exc:\n                screen = getattr(exc, \"screen\", None)\n                stacktrace = getattr(exc, \"stacktrace\", None)\n            time.sleep(self._poll)\n            if time.monotonic() > end_time:\n                break\n>       raise TimeoutException(message, screen, stacktrace)\nE       selenium.common.exceptions.TimeoutException: Message: \nE       Stacktrace:\nE       #0 0x559ece3ca243 <unknown>\nE       #1 0x559ece18e7a6 <unknown>\nE       #2 0x559ece1cb64d <unknown>\nE       #3 0x559ece1cb761 <unknown>\nE       #4 0x559ece206da4 <unknown>\nE       #5 0x559ece1ec0ad <unknown>\nE       #6 0x559ece204932 <unknown>\nE       #7 0x559ece1ebe53 <unknown>\nE       #8 0x559ece1be9ea <unknown>\nE       #9 0x559ece1bfb2e <unknown>\nE       #10 0x559ece41ed5e <unknown>\nE       #11 0x559ece422a80 <unknown>\nE       #12 0x559ece4048b0 <unknown>\nE       #13 0x559ece423b63 <unknown>\nE       #14 0x559ece3f5f75 <unknown>\nE       #15 0x559ece446998 <unknown>\nE       #16 0x559ece446b27 <unknown>\nE       #17 0x559ece461c23 <unknown>\nE       #18 0x7f4ab8353b43 <unknown>\n\n/opt/hostedtoolcache/Python/3.10.10/x64/lib/python3.10/site-packages/selenium/webdriver/support/wait.py:95: TimeoutException","flaky":false,"newFailed":false,"newBroken":false,"newPassed":false,"retriesCount":0,"retriesStatusChange":false,"beforeStages":[{"name":"_xunit_setup_method_fixture_TestConduit","time":{"start":1681298909983,"stop":1681298911251,"duration":1268},"status":"passed","steps":[],"attachments":[],"parameters":[],"stepsCount":0,"attachmentsCount":0,"shouldDisplayMessage":false,"hasContent":false}],"testStage":{"status":"broken","statusMessage":"selenium.common.exceptions.TimeoutException: Message: \nStacktrace:\n#0 0x559ece3ca243 <unknown>\n#1 0x559ece18e7a6 <unknown>\n#2 0x559ece1cb64d <unknown>\n#3 0x559ece1cb761 <unknown>\n#4 0x559ece206da4 <unknown>\n#5 0x559ece1ec0ad <unknown>\n#6 0x559ece204932 <unknown>\n#7 0x559ece1ebe53 <unknown>\n#8 0x559ece1be9ea <unknown>\n#9 0x559ece1bfb2e <unknown>\n#10 0x559ece41ed5e <unknown>\n#11 0x559ece422a80 <unknown>\n#12 0x559ece4048b0 <unknown>\n#13 0x559ece423b63 <unknown>\n#14 0x559ece3f5f75 <unknown>\n#15 0x559ece446998 <unknown>\n#16 0x559ece446b27 <unknown>\n#17 0x559ece461c23 <unknown>\n#18 0x7f4ab8353b43 <unknown>","statusTrace":"self = <test_Conduit.TestConduit object at 0x7f163cca6050>\n\n    @allure.id('ATC_07')\n    @allure.title('Saját cikk címének módosítása')\n    def test_mod_article_title(self):\n        self.accept_cookie()\n        self.login()\n>       self.new_article()\n\nvizsgaremek_automata_teszt/test_Conduit.py:80: \n_ _ _ _ _ _ _ _ _ _ _ _ _ _ _ _ _ _ _ _ _ _ _ _ _ _ _ _ _ _ _ _ _ _ _ _ _ _ _ _ \nvizsgaremek_automata_teszt/fuggvenyek.py:165: in new_article\n    saved_enter_tags = WebDriverWait(self.browser, 5).until(\n_ _ _ _ _ _ _ _ _ _ _ _ _ _ _ _ _ _ _ _ _ _ _ _ _ _ _ _ _ _ _ _ _ _ _ _ _ _ _ _ \n\nself = <selenium.webdriver.support.wait.WebDriverWait (session=\"889d8ba6cbf755631d0485d82b3d7840\")>\nmethod = <function presence_of_element_located.<locals>._predicate at 0x7f163cb86320>\nmessage = ''\n\n    def until(self, method, message: str = \"\"):\n        \"\"\"Calls the method provided with the driver as an argument until the \\\n        return value does not evaluate to ``False``.\n    \n        :param method: callable(WebDriver)\n        :param message: optional message for :exc:`TimeoutException`\n        :returns: the result of the last call to `method`\n        :raises: :exc:`selenium.common.exceptions.TimeoutException` if timeout occurs\n        \"\"\"\n        screen = None\n        stacktrace = None\n    \n        end_time = time.monotonic() + self._timeout\n        while True:\n            try:\n                value = method(self._driver)\n                if value:\n                    return value\n            except self._ignored_exceptions as exc:\n                screen = getattr(exc, \"screen\", None)\n                stacktrace = getattr(exc, \"stacktrace\", None)\n            time.sleep(self._poll)\n            if time.monotonic() > end_time:\n                break\n>       raise TimeoutException(message, screen, stacktrace)\nE       selenium.common.exceptions.TimeoutException: Message: \nE       Stacktrace:\nE       #0 0x559ece3ca243 <unknown>\nE       #1 0x559ece18e7a6 <unknown>\nE       #2 0x559ece1cb64d <unknown>\nE       #3 0x559ece1cb761 <unknown>\nE       #4 0x559ece206da4 <unknown>\nE       #5 0x559ece1ec0ad <unknown>\nE       #6 0x559ece204932 <unknown>\nE       #7 0x559ece1ebe53 <unknown>\nE       #8 0x559ece1be9ea <unknown>\nE       #9 0x559ece1bfb2e <unknown>\nE       #10 0x559ece41ed5e <unknown>\nE       #11 0x559ece422a80 <unknown>\nE       #12 0x559ece4048b0 <unknown>\nE       #13 0x559ece423b63 <unknown>\nE       #14 0x559ece3f5f75 <unknown>\nE       #15 0x559ece446998 <unknown>\nE       #16 0x559ece446b27 <unknown>\nE       #17 0x559ece461c23 <unknown>\nE       #18 0x7f4ab8353b43 <unknown>\n\n/opt/hostedtoolcache/Python/3.10.10/x64/lib/python3.10/site-packages/selenium/webdriver/support/wait.py:95: TimeoutException","steps":[],"attachments":[{"uid":"40465b80c7338b65","name":"stdout","source":"40465b80c7338b65.txt","type":"text/plain","size":1}],"parameters":[],"stepsCount":0,"attachmentsCount":1,"shouldDisplayMessage":true,"hasContent":true},"afterStages":[{"name":"_xunit_setup_method_fixture_TestConduit::0","time":{"start":1681298920857,"stop":1681298920914,"duration":57},"status":"passed","steps":[],"attachments":[],"parameters":[],"stepsCount":0,"attachmentsCount":0,"shouldDisplayMessage":false,"hasContent":false}],"labels":[{"name":"as_id","value":"ATC_07"},{"name":"parentSuite","value":"vizsgaremek_automata_teszt"},{"name":"suite","value":"test_Conduit"},{"name":"subSuite","value":"TestConduit"},{"name":"host","value":"fv-az256-283"},{"name":"thread","value":"3028-MainThread"},{"name":"framework","value":"pytest"},{"name":"language","value":"cpython3"},{"name":"package","value":"vizsgaremek_automata_teszt.test_Conduit"},{"name":"resultFormat","value":"allure2"}],"parameters":[],"links":[],"hidden":false,"retry":false,"extra":{"severity":"normal","retries":[],"categories":[{"name":"Test defects","matchedStatuses":[],"flaky":false}],"tags":[]},"source":"4402cb8d06fa653f.json","parameterValues":[]}