{"uid":"744b40533b7b4656","name":"Saját cikk hozzászólása","fullName":"vizsgaremek_automata_teszt.test_Conduit.TestConduit#test_new_comment","historyId":"7479a47a4bdaa3052e09d68e385f92c0","time":{"start":1681298922196,"stop":1681298931811,"duration":9615},"status":"broken","statusMessage":"selenium.common.exceptions.TimeoutException: Message: \nStacktrace:\n#0 0x5613185ec243 <unknown>\n#1 0x5613183b07a6 <unknown>\n#2 0x5613183ed64d <unknown>\n#3 0x5613183ed761 <unknown>\n#4 0x561318428da4 <unknown>\n#5 0x56131840e0ad <unknown>\n#6 0x561318426932 <unknown>\n#7 0x56131840de53 <unknown>\n#8 0x5613183e09ea <unknown>\n#9 0x5613183e1b2e <unknown>\n#10 0x561318640d5e <unknown>\n#11 0x561318644a80 <unknown>\n#12 0x5613186268b0 <unknown>\n#13 0x561318645b63 <unknown>\n#14 0x561318617f75 <unknown>\n#15 0x561318668998 <unknown>\n#16 0x561318668b27 <unknown>\n#17 0x561318683c23 <unknown>\n#18 0x7fada6908b43 <unknown>","statusTrace":"self = <test_Conduit.TestConduit object at 0x7f163cca6f80>\n\n    @allure.id('ATC_08')\n    @allure.title('Saját cikk hozzászólása')\n    def test_new_comment(self):\n        self.accept_cookie()\n        self.login()\n>       self.new_article()\n\nvizsgaremek_automata_teszt/test_Conduit.py:89: \n_ _ _ _ _ _ _ _ _ _ _ _ _ _ _ _ _ _ _ _ _ _ _ _ _ _ _ _ _ _ _ _ _ _ _ _ _ _ _ _ \nvizsgaremek_automata_teszt/fuggvenyek.py:165: in new_article\n    saved_enter_tags = WebDriverWait(self.browser, 5).until(\n_ _ _ _ _ _ _ _ _ _ _ _ _ _ _ _ _ _ _ _ _ _ _ _ _ _ _ _ _ _ _ _ _ _ _ _ _ _ _ _ \n\nself = <selenium.webdriver.support.wait.WebDriverWait (session=\"a526e2134d0a4d4a92a6ffe8ed892c2d\")>\nmethod = <function presence_of_element_located.<locals>._predicate at 0x7f163ba58310>\nmessage = ''\n\n    def until(self, method, message: str = \"\"):\n        \"\"\"Calls the method provided with the driver as an argument until the \\\n        return value does not evaluate to ``False``.\n    \n        :param method: callable(WebDriver)\n        :param message: optional message for :exc:`TimeoutException`\n        :returns: the result of the last call to `method`\n        :raises: :exc:`selenium.common.exceptions.TimeoutException` if timeout occurs\n        \"\"\"\n        screen = None\n        stacktrace = None\n    \n        end_time = time.monotonic() + self._timeout\n        while True:\n            try:\n                value = method(self._driver)\n                if value:\n                    return value\n            except self._ignored_exceptions as exc:\n                screen = getattr(exc, \"screen\", None)\n                stacktrace = getattr(exc, \"stacktrace\", None)\n            time.sleep(self._poll)\n            if time.monotonic() > end_time:\n                break\n>       raise TimeoutException(message, screen, stacktrace)\nE       selenium.common.exceptions.TimeoutException: Message: \nE       Stacktrace:\nE       #0 0x5613185ec243 <unknown>\nE       #1 0x5613183b07a6 <unknown>\nE       #2 0x5613183ed64d <unknown>\nE       #3 0x5613183ed761 <unknown>\nE       #4 0x561318428da4 <unknown>\nE       #5 0x56131840e0ad <unknown>\nE       #6 0x561318426932 <unknown>\nE       #7 0x56131840de53 <unknown>\nE       #8 0x5613183e09ea <unknown>\nE       #9 0x5613183e1b2e <unknown>\nE       #10 0x561318640d5e <unknown>\nE       #11 0x561318644a80 <unknown>\nE       #12 0x5613186268b0 <unknown>\nE       #13 0x561318645b63 <unknown>\nE       #14 0x561318617f75 <unknown>\nE       #15 0x561318668998 <unknown>\nE       #16 0x561318668b27 <unknown>\nE       #17 0x561318683c23 <unknown>\nE       #18 0x7fada6908b43 <unknown>\n\n/opt/hostedtoolcache/Python/3.10.10/x64/lib/python3.10/site-packages/selenium/webdriver/support/wait.py:95: TimeoutException","flaky":false,"newFailed":false,"newBroken":false,"newPassed":false,"retriesCount":0,"retriesStatusChange":false,"beforeStages":[{"name":"_xunit_setup_method_fixture_TestConduit","time":{"start":1681298920916,"stop":1681298922195,"duration":1279},"status":"passed","steps":[],"attachments":[],"parameters":[],"stepsCount":0,"attachmentsCount":0,"shouldDisplayMessage":false,"hasContent":false}],"testStage":{"status":"broken","statusMessage":"selenium.common.exceptions.TimeoutException: Message: \nStacktrace:\n#0 0x5613185ec243 <unknown>\n#1 0x5613183b07a6 <unknown>\n#2 0x5613183ed64d <unknown>\n#3 0x5613183ed761 <unknown>\n#4 0x561318428da4 <unknown>\n#5 0x56131840e0ad <unknown>\n#6 0x561318426932 <unknown>\n#7 0x56131840de53 <unknown>\n#8 0x5613183e09ea <unknown>\n#9 0x5613183e1b2e <unknown>\n#10 0x561318640d5e <unknown>\n#11 0x561318644a80 <unknown>\n#12 0x5613186268b0 <unknown>\n#13 0x561318645b63 <unknown>\n#14 0x561318617f75 <unknown>\n#15 0x561318668998 <unknown>\n#16 0x561318668b27 <unknown>\n#17 0x561318683c23 <unknown>\n#18 0x7fada6908b43 <unknown>","statusTrace":"self = <test_Conduit.TestConduit object at 0x7f163cca6f80>\n\n    @allure.id('ATC_08')\n    @allure.title('Saját cikk hozzászólása')\n    def test_new_comment(self):\n        self.accept_cookie()\n        self.login()\n>       self.new_article()\n\nvizsgaremek_automata_teszt/test_Conduit.py:89: \n_ _ _ _ _ _ _ _ _ _ _ _ _ _ _ _ _ _ _ _ _ _ _ _ _ _ _ _ _ _ _ _ _ _ _ _ _ _ _ _ \nvizsgaremek_automata_teszt/fuggvenyek.py:165: in new_article\n    saved_enter_tags = WebDriverWait(self.browser, 5).until(\n_ _ _ _ _ _ _ _ _ _ _ _ _ _ _ _ _ _ _ _ _ _ _ _ _ _ _ _ _ _ _ _ _ _ _ _ _ _ _ _ \n\nself = <selenium.webdriver.support.wait.WebDriverWait (session=\"a526e2134d0a4d4a92a6ffe8ed892c2d\")>\nmethod = <function presence_of_element_located.<locals>._predicate at 0x7f163ba58310>\nmessage = ''\n\n    def until(self, method, message: str = \"\"):\n        \"\"\"Calls the method provided with the driver as an argument until the \\\n        return value does not evaluate to ``False``.\n    \n        :param method: callable(WebDriver)\n        :param message: optional message for :exc:`TimeoutException`\n        :returns: the result of the last call to `method`\n        :raises: :exc:`selenium.common.exceptions.TimeoutException` if timeout occurs\n        \"\"\"\n        screen = None\n        stacktrace = None\n    \n        end_time = time.monotonic() + self._timeout\n        while True:\n            try:\n                value = method(self._driver)\n                if value:\n                    return value\n            except self._ignored_exceptions as exc:\n                screen = getattr(exc, \"screen\", None)\n                stacktrace = getattr(exc, \"stacktrace\", None)\n            time.sleep(self._poll)\n            if time.monotonic() > end_time:\n                break\n>       raise TimeoutException(message, screen, stacktrace)\nE       selenium.common.exceptions.TimeoutException: Message: \nE       Stacktrace:\nE       #0 0x5613185ec243 <unknown>\nE       #1 0x5613183b07a6 <unknown>\nE       #2 0x5613183ed64d <unknown>\nE       #3 0x5613183ed761 <unknown>\nE       #4 0x561318428da4 <unknown>\nE       #5 0x56131840e0ad <unknown>\nE       #6 0x561318426932 <unknown>\nE       #7 0x56131840de53 <unknown>\nE       #8 0x5613183e09ea <unknown>\nE       #9 0x5613183e1b2e <unknown>\nE       #10 0x561318640d5e <unknown>\nE       #11 0x561318644a80 <unknown>\nE       #12 0x5613186268b0 <unknown>\nE       #13 0x561318645b63 <unknown>\nE       #14 0x561318617f75 <unknown>\nE       #15 0x561318668998 <unknown>\nE       #16 0x561318668b27 <unknown>\nE       #17 0x561318683c23 <unknown>\nE       #18 0x7fada6908b43 <unknown>\n\n/opt/hostedtoolcache/Python/3.10.10/x64/lib/python3.10/site-packages/selenium/webdriver/support/wait.py:95: TimeoutException","steps":[],"attachments":[{"uid":"8855f7cfce390c3d","name":"stdout","source":"8855f7cfce390c3d.txt","type":"text/plain","size":1}],"parameters":[],"stepsCount":0,"attachmentsCount":1,"shouldDisplayMessage":true,"hasContent":true},"afterStages":[{"name":"_xunit_setup_method_fixture_TestConduit::0","time":{"start":1681298931826,"stop":1681298931883,"duration":57},"status":"passed","steps":[],"attachments":[],"parameters":[],"stepsCount":0,"attachmentsCount":0,"shouldDisplayMessage":false,"hasContent":false}],"labels":[{"name":"as_id","value":"ATC_08"},{"name":"parentSuite","value":"vizsgaremek_automata_teszt"},{"name":"suite","value":"test_Conduit"},{"name":"subSuite","value":"TestConduit"},{"name":"host","value":"fv-az256-283"},{"name":"thread","value":"3028-MainThread"},{"name":"framework","value":"pytest"},{"name":"language","value":"cpython3"},{"name":"package","value":"vizsgaremek_automata_teszt.test_Conduit"},{"name":"resultFormat","value":"allure2"}],"parameters":[],"links":[],"hidden":false,"retry":false,"extra":{"severity":"normal","retries":[],"categories":[{"name":"Test defects","matchedStatuses":[],"flaky":false}],"tags":[]},"source":"744b40533b7b4656.json","parameterValues":[]}