{"uid":"fbd354303faad6fa","name":"Saját cikk törlése","fullName":"vizsgaremek_automata_teszt.test_Conduit.TestConduit#test_article_del","historyId":"dabf4c69fea555f19e1f0e549370f10d","time":{"start":1681298933168,"stop":1681298942745,"duration":9577},"status":"broken","statusMessage":"selenium.common.exceptions.TimeoutException: Message: \nStacktrace:\n#0 0x55d3edda4243 <unknown>\n#1 0x55d3edb687a6 <unknown>\n#2 0x55d3edba564d <unknown>\n#3 0x55d3edba5761 <unknown>\n#4 0x55d3edbe0da4 <unknown>\n#5 0x55d3edbc60ad <unknown>\n#6 0x55d3edbde932 <unknown>\n#7 0x55d3edbc5e53 <unknown>\n#8 0x55d3edb989ea <unknown>\n#9 0x55d3edb99b2e <unknown>\n#10 0x55d3eddf8d5e <unknown>\n#11 0x55d3eddfca80 <unknown>\n#12 0x55d3eddde8b0 <unknown>\n#13 0x55d3eddfdb63 <unknown>\n#14 0x55d3eddcff75 <unknown>\n#15 0x55d3ede20998 <unknown>\n#16 0x55d3ede20b27 <unknown>\n#17 0x55d3ede3bc23 <unknown>\n#18 0x7f03c97fab43 <unknown>","statusTrace":"self = <test_Conduit.TestConduit object at 0x7f163cca70d0>\n\n    @allure.id('ATC_09')\n    @allure.title('Saját cikk törlése')\n    def test_article_del(self):\n        self.accept_cookie()\n        self.login()\n>       self.new_article()\n\nvizsgaremek_automata_teszt/test_Conduit.py:98: \n_ _ _ _ _ _ _ _ _ _ _ _ _ _ _ _ _ _ _ _ _ _ _ _ _ _ _ _ _ _ _ _ _ _ _ _ _ _ _ _ \nvizsgaremek_automata_teszt/fuggvenyek.py:165: in new_article\n    saved_enter_tags = WebDriverWait(self.browser, 5).until(\n_ _ _ _ _ _ _ _ _ _ _ _ _ _ _ _ _ _ _ _ _ _ _ _ _ _ _ _ _ _ _ _ _ _ _ _ _ _ _ _ \n\nself = <selenium.webdriver.support.wait.WebDriverWait (session=\"52eb41e5c16cf19cb20240d13671274f\")>\nmethod = <function presence_of_element_located.<locals>._predicate at 0x7f163ba585e0>\nmessage = ''\n\n    def until(self, method, message: str = \"\"):\n        \"\"\"Calls the method provided with the driver as an argument until the \\\n        return value does not evaluate to ``False``.\n    \n        :param method: callable(WebDriver)\n        :param message: optional message for :exc:`TimeoutException`\n        :returns: the result of the last call to `method`\n        :raises: :exc:`selenium.common.exceptions.TimeoutException` if timeout occurs\n        \"\"\"\n        screen = None\n        stacktrace = None\n    \n        end_time = time.monotonic() + self._timeout\n        while True:\n            try:\n                value = method(self._driver)\n                if value:\n                    return value\n            except self._ignored_exceptions as exc:\n                screen = getattr(exc, \"screen\", None)\n                stacktrace = getattr(exc, \"stacktrace\", None)\n            time.sleep(self._poll)\n            if time.monotonic() > end_time:\n                break\n>       raise TimeoutException(message, screen, stacktrace)\nE       selenium.common.exceptions.TimeoutException: Message: \nE       Stacktrace:\nE       #0 0x55d3edda4243 <unknown>\nE       #1 0x55d3edb687a6 <unknown>\nE       #2 0x55d3edba564d <unknown>\nE       #3 0x55d3edba5761 <unknown>\nE       #4 0x55d3edbe0da4 <unknown>\nE       #5 0x55d3edbc60ad <unknown>\nE       #6 0x55d3edbde932 <unknown>\nE       #7 0x55d3edbc5e53 <unknown>\nE       #8 0x55d3edb989ea <unknown>\nE       #9 0x55d3edb99b2e <unknown>\nE       #10 0x55d3eddf8d5e <unknown>\nE       #11 0x55d3eddfca80 <unknown>\nE       #12 0x55d3eddde8b0 <unknown>\nE       #13 0x55d3eddfdb63 <unknown>\nE       #14 0x55d3eddcff75 <unknown>\nE       #15 0x55d3ede20998 <unknown>\nE       #16 0x55d3ede20b27 <unknown>\nE       #17 0x55d3ede3bc23 <unknown>\nE       #18 0x7f03c97fab43 <unknown>\n\n/opt/hostedtoolcache/Python/3.10.10/x64/lib/python3.10/site-packages/selenium/webdriver/support/wait.py:95: TimeoutException","flaky":false,"newFailed":false,"newBroken":false,"newPassed":false,"retriesCount":0,"retriesStatusChange":false,"beforeStages":[{"name":"_xunit_setup_method_fixture_TestConduit","time":{"start":1681298931886,"stop":1681298933167,"duration":1281},"status":"passed","steps":[],"attachments":[],"parameters":[],"stepsCount":0,"attachmentsCount":0,"shouldDisplayMessage":false,"hasContent":false}],"testStage":{"status":"broken","statusMessage":"selenium.common.exceptions.TimeoutException: Message: \nStacktrace:\n#0 0x55d3edda4243 <unknown>\n#1 0x55d3edb687a6 <unknown>\n#2 0x55d3edba564d <unknown>\n#3 0x55d3edba5761 <unknown>\n#4 0x55d3edbe0da4 <unknown>\n#5 0x55d3edbc60ad <unknown>\n#6 0x55d3edbde932 <unknown>\n#7 0x55d3edbc5e53 <unknown>\n#8 0x55d3edb989ea <unknown>\n#9 0x55d3edb99b2e <unknown>\n#10 0x55d3eddf8d5e <unknown>\n#11 0x55d3eddfca80 <unknown>\n#12 0x55d3eddde8b0 <unknown>\n#13 0x55d3eddfdb63 <unknown>\n#14 0x55d3eddcff75 <unknown>\n#15 0x55d3ede20998 <unknown>\n#16 0x55d3ede20b27 <unknown>\n#17 0x55d3ede3bc23 <unknown>\n#18 0x7f03c97fab43 <unknown>","statusTrace":"self = <test_Conduit.TestConduit object at 0x7f163cca70d0>\n\n    @allure.id('ATC_09')\n    @allure.title('Saját cikk törlése')\n    def test_article_del(self):\n        self.accept_cookie()\n        self.login()\n>       self.new_article()\n\nvizsgaremek_automata_teszt/test_Conduit.py:98: \n_ _ _ _ _ _ _ _ _ _ _ _ _ _ _ _ _ _ _ _ _ _ _ _ _ _ _ _ _ _ _ _ _ _ _ _ _ _ _ _ \nvizsgaremek_automata_teszt/fuggvenyek.py:165: in new_article\n    saved_enter_tags = WebDriverWait(self.browser, 5).until(\n_ _ _ _ _ _ _ _ _ _ _ _ _ _ _ _ _ _ _ _ _ _ _ _ _ _ _ _ _ _ _ _ _ _ _ _ _ _ _ _ \n\nself = <selenium.webdriver.support.wait.WebDriverWait (session=\"52eb41e5c16cf19cb20240d13671274f\")>\nmethod = <function presence_of_element_located.<locals>._predicate at 0x7f163ba585e0>\nmessage = ''\n\n    def until(self, method, message: str = \"\"):\n        \"\"\"Calls the method provided with the driver as an argument until the \\\n        return value does not evaluate to ``False``.\n    \n        :param method: callable(WebDriver)\n        :param message: optional message for :exc:`TimeoutException`\n        :returns: the result of the last call to `method`\n        :raises: :exc:`selenium.common.exceptions.TimeoutException` if timeout occurs\n        \"\"\"\n        screen = None\n        stacktrace = None\n    \n        end_time = time.monotonic() + self._timeout\n        while True:\n            try:\n                value = method(self._driver)\n                if value:\n                    return value\n            except self._ignored_exceptions as exc:\n                screen = getattr(exc, \"screen\", None)\n                stacktrace = getattr(exc, \"stacktrace\", None)\n            time.sleep(self._poll)\n            if time.monotonic() > end_time:\n                break\n>       raise TimeoutException(message, screen, stacktrace)\nE       selenium.common.exceptions.TimeoutException: Message: \nE       Stacktrace:\nE       #0 0x55d3edda4243 <unknown>\nE       #1 0x55d3edb687a6 <unknown>\nE       #2 0x55d3edba564d <unknown>\nE       #3 0x55d3edba5761 <unknown>\nE       #4 0x55d3edbe0da4 <unknown>\nE       #5 0x55d3edbc60ad <unknown>\nE       #6 0x55d3edbde932 <unknown>\nE       #7 0x55d3edbc5e53 <unknown>\nE       #8 0x55d3edb989ea <unknown>\nE       #9 0x55d3edb99b2e <unknown>\nE       #10 0x55d3eddf8d5e <unknown>\nE       #11 0x55d3eddfca80 <unknown>\nE       #12 0x55d3eddde8b0 <unknown>\nE       #13 0x55d3eddfdb63 <unknown>\nE       #14 0x55d3eddcff75 <unknown>\nE       #15 0x55d3ede20998 <unknown>\nE       #16 0x55d3ede20b27 <unknown>\nE       #17 0x55d3ede3bc23 <unknown>\nE       #18 0x7f03c97fab43 <unknown>\n\n/opt/hostedtoolcache/Python/3.10.10/x64/lib/python3.10/site-packages/selenium/webdriver/support/wait.py:95: TimeoutException","steps":[],"attachments":[{"uid":"d5ad6837d30f5919","name":"stdout","source":"d5ad6837d30f5919.txt","type":"text/plain","size":1}],"parameters":[],"stepsCount":0,"attachmentsCount":1,"shouldDisplayMessage":true,"hasContent":true},"afterStages":[{"name":"_xunit_setup_method_fixture_TestConduit::0","time":{"start":1681298942759,"stop":1681298942816,"duration":57},"status":"passed","steps":[],"attachments":[],"parameters":[],"stepsCount":0,"attachmentsCount":0,"shouldDisplayMessage":false,"hasContent":false}],"labels":[{"name":"as_id","value":"ATC_09"},{"name":"parentSuite","value":"vizsgaremek_automata_teszt"},{"name":"suite","value":"test_Conduit"},{"name":"subSuite","value":"TestConduit"},{"name":"host","value":"fv-az256-283"},{"name":"thread","value":"3028-MainThread"},{"name":"framework","value":"pytest"},{"name":"language","value":"cpython3"},{"name":"package","value":"vizsgaremek_automata_teszt.test_Conduit"},{"name":"resultFormat","value":"allure2"}],"parameters":[],"links":[],"hidden":false,"retry":false,"extra":{"severity":"normal","retries":[],"categories":[{"name":"Test defects","matchedStatuses":[],"flaky":false}],"tags":[]},"source":"fbd354303faad6fa.json","parameterValues":[]}