{"uid":"298e96fe65034140","name":"Adatkezelés elfogadása","fullName":"vizsgaremek_automata_teszt.test_Conduit.TestConduit#test_accept_cookie","historyId":"c2a5f83cd9cbf73203383ad553b3c094","time":{"start":1681308652638,"stop":1681308657824,"duration":5186},"description":"Sütik elfogadása","descriptionHtml":"<p>Sütik elfogadása</p>\n","status":"broken","statusMessage":"selenium.common.exceptions.TimeoutException: Message: \nStacktrace:\n#0 0x5555b0ed8243 <unknown>\n#1 0x5555b0c9c7a6 <unknown>\n#2 0x5555b0cd964d <unknown>\n#3 0x5555b0cd9761 <unknown>\n#4 0x5555b0d14da4 <unknown>\n#5 0x5555b0cfa0ad <unknown>\n#6 0x5555b0d12932 <unknown>\n#7 0x5555b0cf9e53 <unknown>\n#8 0x5555b0ccc9ea <unknown>\n#9 0x5555b0ccdb2e <unknown>\n#10 0x5555b0f2cd5e <unknown>\n#11 0x5555b0f30a80 <unknown>\n#12 0x5555b0f128b0 <unknown>\n#13 0x5555b0f31b63 <unknown>\n#14 0x5555b0f03f75 <unknown>\n#15 0x5555b0f54998 <unknown>\n#16 0x5555b0f54b27 <unknown>\n#17 0x5555b0f6fc23 <unknown>\n#18 0x7fd847c1fb43 <unknown>","statusTrace":"self = <test_Conduit.TestConduit object at 0x7fb8d3888700>\n\n    @allure.id('ATC_01')\n    @allure.title('Adatkezelés elfogadása')\n    @allure.description('Sütik elfogadása')\n    def test_accept_cookie(self):\n>       self.accept_cookie()\n\nvizsgaremek_automata_teszt/test_Conduit.py:31: \n_ _ _ _ _ _ _ _ _ _ _ _ _ _ _ _ _ _ _ _ _ _ _ _ _ _ _ _ _ _ _ _ _ _ _ _ _ _ _ _ \nvizsgaremek_automata_teszt/fuggvenyek.py:15: in accept_cookie\n    accept = WebDriverWait(self.browser, 5).until(EC.presence_of_element_located(\n_ _ _ _ _ _ _ _ _ _ _ _ _ _ _ _ _ _ _ _ _ _ _ _ _ _ _ _ _ _ _ _ _ _ _ _ _ _ _ _ \n\nself = <selenium.webdriver.support.wait.WebDriverWait (session=\"a0970713e8903401db2d5dba09b65c10\")>\nmethod = <function presence_of_element_located.<locals>._predicate at 0x7fb8d41ba170>\nmessage = ''\n\n    def until(self, method, message: str = \"\"):\n        \"\"\"Calls the method provided with the driver as an argument until the \\\n        return value does not evaluate to ``False``.\n    \n        :param method: callable(WebDriver)\n        :param message: optional message for :exc:`TimeoutException`\n        :returns: the result of the last call to `method`\n        :raises: :exc:`selenium.common.exceptions.TimeoutException` if timeout occurs\n        \"\"\"\n        screen = None\n        stacktrace = None\n    \n        end_time = time.monotonic() + self._timeout\n        while True:\n            try:\n                value = method(self._driver)\n                if value:\n                    return value\n            except self._ignored_exceptions as exc:\n                screen = getattr(exc, \"screen\", None)\n                stacktrace = getattr(exc, \"stacktrace\", None)\n            time.sleep(self._poll)\n            if time.monotonic() > end_time:\n                break\n>       raise TimeoutException(message, screen, stacktrace)\nE       selenium.common.exceptions.TimeoutException: Message: \nE       Stacktrace:\nE       #0 0x5555b0ed8243 <unknown>\nE       #1 0x5555b0c9c7a6 <unknown>\nE       #2 0x5555b0cd964d <unknown>\nE       #3 0x5555b0cd9761 <unknown>\nE       #4 0x5555b0d14da4 <unknown>\nE       #5 0x5555b0cfa0ad <unknown>\nE       #6 0x5555b0d12932 <unknown>\nE       #7 0x5555b0cf9e53 <unknown>\nE       #8 0x5555b0ccc9ea <unknown>\nE       #9 0x5555b0ccdb2e <unknown>\nE       #10 0x5555b0f2cd5e <unknown>\nE       #11 0x5555b0f30a80 <unknown>\nE       #12 0x5555b0f128b0 <unknown>\nE       #13 0x5555b0f31b63 <unknown>\nE       #14 0x5555b0f03f75 <unknown>\nE       #15 0x5555b0f54998 <unknown>\nE       #16 0x5555b0f54b27 <unknown>\nE       #17 0x5555b0f6fc23 <unknown>\nE       #18 0x7fd847c1fb43 <unknown>\n\n/opt/hostedtoolcache/Python/3.10.10/x64/lib/python3.10/site-packages/selenium/webdriver/support/wait.py:95: TimeoutException","flaky":false,"newFailed":false,"newBroken":false,"newPassed":false,"retriesCount":0,"retriesStatusChange":false,"beforeStages":[{"name":"_xunit_setup_method_fixture_TestConduit","time":{"start":1681308649898,"stop":1681308652637,"duration":2739},"status":"passed","steps":[],"attachments":[],"parameters":[],"stepsCount":0,"attachmentsCount":0,"shouldDisplayMessage":false,"hasContent":false}],"testStage":{"description":"Sütik elfogadása","status":"broken","statusMessage":"selenium.common.exceptions.TimeoutException: Message: \nStacktrace:\n#0 0x5555b0ed8243 <unknown>\n#1 0x5555b0c9c7a6 <unknown>\n#2 0x5555b0cd964d <unknown>\n#3 0x5555b0cd9761 <unknown>\n#4 0x5555b0d14da4 <unknown>\n#5 0x5555b0cfa0ad <unknown>\n#6 0x5555b0d12932 <unknown>\n#7 0x5555b0cf9e53 <unknown>\n#8 0x5555b0ccc9ea <unknown>\n#9 0x5555b0ccdb2e <unknown>\n#10 0x5555b0f2cd5e <unknown>\n#11 0x5555b0f30a80 <unknown>\n#12 0x5555b0f128b0 <unknown>\n#13 0x5555b0f31b63 <unknown>\n#14 0x5555b0f03f75 <unknown>\n#15 0x5555b0f54998 <unknown>\n#16 0x5555b0f54b27 <unknown>\n#17 0x5555b0f6fc23 <unknown>\n#18 0x7fd847c1fb43 <unknown>","statusTrace":"self = <test_Conduit.TestConduit object at 0x7fb8d3888700>\n\n    @allure.id('ATC_01')\n    @allure.title('Adatkezelés elfogadása')\n    @allure.description('Sütik elfogadása')\n    def test_accept_cookie(self):\n>       self.accept_cookie()\n\nvizsgaremek_automata_teszt/test_Conduit.py:31: \n_ _ _ _ _ _ _ _ _ _ _ _ _ _ _ _ _ _ _ _ _ _ _ _ _ _ _ _ _ _ _ _ _ _ _ _ _ _ _ _ \nvizsgaremek_automata_teszt/fuggvenyek.py:15: in accept_cookie\n    accept = WebDriverWait(self.browser, 5).until(EC.presence_of_element_located(\n_ _ _ _ _ _ _ _ _ _ _ _ _ _ _ _ _ _ _ _ _ _ _ _ _ _ _ _ _ _ _ _ _ _ _ _ _ _ _ _ \n\nself = <selenium.webdriver.support.wait.WebDriverWait (session=\"a0970713e8903401db2d5dba09b65c10\")>\nmethod = <function presence_of_element_located.<locals>._predicate at 0x7fb8d41ba170>\nmessage = ''\n\n    def until(self, method, message: str = \"\"):\n        \"\"\"Calls the method provided with the driver as an argument until the \\\n        return value does not evaluate to ``False``.\n    \n        :param method: callable(WebDriver)\n        :param message: optional message for :exc:`TimeoutException`\n        :returns: the result of the last call to `method`\n        :raises: :exc:`selenium.common.exceptions.TimeoutException` if timeout occurs\n        \"\"\"\n        screen = None\n        stacktrace = None\n    \n        end_time = time.monotonic() + self._timeout\n        while True:\n            try:\n                value = method(self._driver)\n                if value:\n                    return value\n            except self._ignored_exceptions as exc:\n                screen = getattr(exc, \"screen\", None)\n                stacktrace = getattr(exc, \"stacktrace\", None)\n            time.sleep(self._poll)\n            if time.monotonic() > end_time:\n                break\n>       raise TimeoutException(message, screen, stacktrace)\nE       selenium.common.exceptions.TimeoutException: Message: \nE       Stacktrace:\nE       #0 0x5555b0ed8243 <unknown>\nE       #1 0x5555b0c9c7a6 <unknown>\nE       #2 0x5555b0cd964d <unknown>\nE       #3 0x5555b0cd9761 <unknown>\nE       #4 0x5555b0d14da4 <unknown>\nE       #5 0x5555b0cfa0ad <unknown>\nE       #6 0x5555b0d12932 <unknown>\nE       #7 0x5555b0cf9e53 <unknown>\nE       #8 0x5555b0ccc9ea <unknown>\nE       #9 0x5555b0ccdb2e <unknown>\nE       #10 0x5555b0f2cd5e <unknown>\nE       #11 0x5555b0f30a80 <unknown>\nE       #12 0x5555b0f128b0 <unknown>\nE       #13 0x5555b0f31b63 <unknown>\nE       #14 0x5555b0f03f75 <unknown>\nE       #15 0x5555b0f54998 <unknown>\nE       #16 0x5555b0f54b27 <unknown>\nE       #17 0x5555b0f6fc23 <unknown>\nE       #18 0x7fd847c1fb43 <unknown>\n\n/opt/hostedtoolcache/Python/3.10.10/x64/lib/python3.10/site-packages/selenium/webdriver/support/wait.py:95: TimeoutException","steps":[],"attachments":[{"uid":"6b40445fdcadbbb8","name":"stderr","source":"6b40445fdcadbbb8.txt","type":"text/plain","size":254}],"parameters":[],"stepsCount":0,"attachmentsCount":1,"shouldDisplayMessage":true,"hasContent":true},"afterStages":[{"name":"_xunit_setup_method_fixture_TestConduit::0","time":{"start":1681308657888,"stop":1681308657945,"duration":57},"status":"passed","steps":[],"attachments":[],"parameters":[],"stepsCount":0,"attachmentsCount":0,"shouldDisplayMessage":false,"hasContent":false}],"labels":[{"name":"as_id","value":"ATC_01"},{"name":"parentSuite","value":"vizsgaremek_automata_teszt"},{"name":"suite","value":"test_Conduit"},{"name":"subSuite","value":"TestConduit"},{"name":"host","value":"fv-az244-266"},{"name":"thread","value":"3164-MainThread"},{"name":"framework","value":"pytest"},{"name":"language","value":"cpython3"},{"name":"package","value":"vizsgaremek_automata_teszt.test_Conduit"},{"name":"resultFormat","value":"allure2"}],"parameters":[],"links":[],"hidden":false,"retry":false,"extra":{"severity":"normal","retries":[],"categories":[{"name":"Test defects","matchedStatuses":[],"flaky":false}],"tags":[]},"source":"298e96fe65034140.json","parameterValues":[]}