{"uid":"24fbc86fabc21a1","name":"test_logout","fullName":"vizsgaremek_automata_teszt.test_Conduit.TestConduit#test_logout","historyId":"d57cee3d6cd8775b4d184f830e6bcc18","time":{"start":1680890788968,"stop":1680890794496,"duration":5528},"status":"broken","statusMessage":"selenium.common.exceptions.TimeoutException: Message: \nStacktrace:\n#0 0x55d8beae6243 <unknown>\n#1 0x55d8be8aa7a6 <unknown>\n#2 0x55d8be8e764d <unknown>\n#3 0x55d8be8e7761 <unknown>\n#4 0x55d8be922da4 <unknown>\n#5 0x55d8be9080ad <unknown>\n#6 0x55d8be920932 <unknown>\n#7 0x55d8be907e53 <unknown>\n#8 0x55d8be8da9ea <unknown>\n#9 0x55d8be8dbb2e <unknown>\n#10 0x55d8beb3ad5e <unknown>\n#11 0x55d8beb3ea80 <unknown>\n#12 0x55d8beb208b0 <unknown>\n#13 0x55d8beb3fb63 <unknown>\n#14 0x55d8beb11f75 <unknown>\n#15 0x55d8beb62998 <unknown>\n#16 0x55d8beb62b27 <unknown>\n#17 0x55d8beb7dc23 <unknown>\n#18 0x7fe982d40b43 <unknown>","statusTrace":"self = <test_Conduit.TestConduit object at 0x7fa6c980d9c0>\n\n    def test_logout(self):\n        self.accept_cookie()\n>       self.login()\n\nvizsgaremek_automata_teszt/test_Conduit.py:99: \n_ _ _ _ _ _ _ _ _ _ _ _ _ _ _ _ _ _ _ _ _ _ _ _ _ _ _ _ _ _ _ _ _ _ _ _ _ _ _ _ \nvizsgaremek_automata_teszt/fuggvenyek.py:85: in login\n    user_name = WebDriverWait(self.browser, 5).until(\n_ _ _ _ _ _ _ _ _ _ _ _ _ _ _ _ _ _ _ _ _ _ _ _ _ _ _ _ _ _ _ _ _ _ _ _ _ _ _ _ \n\nself = <selenium.webdriver.support.wait.WebDriverWait (session=\"f8f7ed720f0ed7871f6cc242776e328d\")>\nmethod = <function presence_of_element_located.<locals>._predicate at 0x7fa6c9775630>\nmessage = ''\n\n    def until(self, method, message: str = \"\"):\n        \"\"\"Calls the method provided with the driver as an argument until the \\\n        return value does not evaluate to ``False``.\n    \n        :param method: callable(WebDriver)\n        :param message: optional message for :exc:`TimeoutException`\n        :returns: the result of the last call to `method`\n        :raises: :exc:`selenium.common.exceptions.TimeoutException` if timeout occurs\n        \"\"\"\n        screen = None\n        stacktrace = None\n    \n        end_time = time.monotonic() + self._timeout\n        while True:\n            try:\n                value = method(self._driver)\n                if value:\n                    return value\n            except self._ignored_exceptions as exc:\n                screen = getattr(exc, \"screen\", None)\n                stacktrace = getattr(exc, \"stacktrace\", None)\n            time.sleep(self._poll)\n            if time.monotonic() > end_time:\n                break\n>       raise TimeoutException(message, screen, stacktrace)\nE       selenium.common.exceptions.TimeoutException: Message: \nE       Stacktrace:\nE       #0 0x55d8beae6243 <unknown>\nE       #1 0x55d8be8aa7a6 <unknown>\nE       #2 0x55d8be8e764d <unknown>\nE       #3 0x55d8be8e7761 <unknown>\nE       #4 0x55d8be922da4 <unknown>\nE       #5 0x55d8be9080ad <unknown>\nE       #6 0x55d8be920932 <unknown>\nE       #7 0x55d8be907e53 <unknown>\nE       #8 0x55d8be8da9ea <unknown>\nE       #9 0x55d8be8dbb2e <unknown>\nE       #10 0x55d8beb3ad5e <unknown>\nE       #11 0x55d8beb3ea80 <unknown>\nE       #12 0x55d8beb208b0 <unknown>\nE       #13 0x55d8beb3fb63 <unknown>\nE       #14 0x55d8beb11f75 <unknown>\nE       #15 0x55d8beb62998 <unknown>\nE       #16 0x55d8beb62b27 <unknown>\nE       #17 0x55d8beb7dc23 <unknown>\nE       #18 0x7fe982d40b43 <unknown>\n\n/opt/hostedtoolcache/Python/3.10.10/x64/lib/python3.10/site-packages/selenium/webdriver/support/wait.py:95: TimeoutException","flaky":false,"newFailed":false,"newBroken":false,"newPassed":false,"retriesCount":0,"retriesStatusChange":false,"beforeStages":[{"name":"_xunit_setup_method_fixture_TestConduit","time":{"start":1680890787638,"stop":1680890788967,"duration":1329},"status":"passed","steps":[],"attachments":[],"parameters":[],"stepsCount":0,"attachmentsCount":0,"shouldDisplayMessage":false,"hasContent":false}],"afterStages":[{"name":"_xunit_setup_method_fixture_TestConduit::0","time":{"start":1680890794508,"stop":1680890794566,"duration":58},"status":"passed","steps":[],"attachments":[],"parameters":[],"stepsCount":0,"attachmentsCount":0,"shouldDisplayMessage":false,"hasContent":false}],"labels":[{"name":"parentSuite","value":"vizsgaremek_automata_teszt"},{"name":"suite","value":"test_Conduit"},{"name":"subSuite","value":"TestConduit"},{"name":"host","value":"fv-az175-361"},{"name":"thread","value":"3069-MainThread"},{"name":"framework","value":"pytest"},{"name":"language","value":"cpython3"},{"name":"package","value":"vizsgaremek_automata_teszt.test_Conduit"},{"name":"resultFormat","value":"allure2"}],"parameters":[],"links":[],"hidden":false,"retry":false,"extra":{"severity":"normal","retries":[],"categories":[{"name":"Test defects","matchedStatuses":[],"flaky":false}],"tags":[]},"source":"24fbc86fabc21a1.json","parameterValues":[]}