{"uid":"46783d10f71e27ce","name":"test_multi_page_list","fullName":"vizsgaremek_automata_teszt.test_Conduit.TestConduit#test_multi_page_list","historyId":"4ebbad4997c4e23d193dcfee3caa33cc","time":{"start":1680890741159,"stop":1680890746658,"duration":5499},"status":"broken","statusMessage":"selenium.common.exceptions.TimeoutException: Message: \nStacktrace:\n#0 0x55d185ceb243 <unknown>\n#1 0x55d185aaf7a6 <unknown>\n#2 0x55d185aec64d <unknown>\n#3 0x55d185aec761 <unknown>\n#4 0x55d185b27da4 <unknown>\n#5 0x55d185b0d0ad <unknown>\n#6 0x55d185b25932 <unknown>\n#7 0x55d185b0ce53 <unknown>\n#8 0x55d185adf9ea <unknown>\n#9 0x55d185ae0b2e <unknown>\n#10 0x55d185d3fd5e <unknown>\n#11 0x55d185d43a80 <unknown>\n#12 0x55d185d258b0 <unknown>\n#13 0x55d185d44b63 <unknown>\n#14 0x55d185d16f75 <unknown>\n#15 0x55d185d67998 <unknown>\n#16 0x55d185d67b27 <unknown>\n#17 0x55d185d82c23 <unknown>\n#18 0x7ff7e1f15b43 <unknown>","statusTrace":"self = <test_Conduit.TestConduit object at 0x7fa6c980d090>\n\n    def test_multi_page_list(self):\n        self.accept_cookie()\n>       self.login()\n\nvizsgaremek_automata_teszt/test_Conduit.py:55: \n_ _ _ _ _ _ _ _ _ _ _ _ _ _ _ _ _ _ _ _ _ _ _ _ _ _ _ _ _ _ _ _ _ _ _ _ _ _ _ _ \nvizsgaremek_automata_teszt/fuggvenyek.py:85: in login\n    user_name = WebDriverWait(self.browser, 5).until(\n_ _ _ _ _ _ _ _ _ _ _ _ _ _ _ _ _ _ _ _ _ _ _ _ _ _ _ _ _ _ _ _ _ _ _ _ _ _ _ _ \n\nself = <selenium.webdriver.support.wait.WebDriverWait (session=\"ff1963ec3565d1b69b1c136849cd2e94\")>\nmethod = <function presence_of_element_located.<locals>._predicate at 0x7fa6ca5e9f30>\nmessage = ''\n\n    def until(self, method, message: str = \"\"):\n        \"\"\"Calls the method provided with the driver as an argument until the \\\n        return value does not evaluate to ``False``.\n    \n        :param method: callable(WebDriver)\n        :param message: optional message for :exc:`TimeoutException`\n        :returns: the result of the last call to `method`\n        :raises: :exc:`selenium.common.exceptions.TimeoutException` if timeout occurs\n        \"\"\"\n        screen = None\n        stacktrace = None\n    \n        end_time = time.monotonic() + self._timeout\n        while True:\n            try:\n                value = method(self._driver)\n                if value:\n                    return value\n            except self._ignored_exceptions as exc:\n                screen = getattr(exc, \"screen\", None)\n                stacktrace = getattr(exc, \"stacktrace\", None)\n            time.sleep(self._poll)\n            if time.monotonic() > end_time:\n                break\n>       raise TimeoutException(message, screen, stacktrace)\nE       selenium.common.exceptions.TimeoutException: Message: \nE       Stacktrace:\nE       #0 0x55d185ceb243 <unknown>\nE       #1 0x55d185aaf7a6 <unknown>\nE       #2 0x55d185aec64d <unknown>\nE       #3 0x55d185aec761 <unknown>\nE       #4 0x55d185b27da4 <unknown>\nE       #5 0x55d185b0d0ad <unknown>\nE       #6 0x55d185b25932 <unknown>\nE       #7 0x55d185b0ce53 <unknown>\nE       #8 0x55d185adf9ea <unknown>\nE       #9 0x55d185ae0b2e <unknown>\nE       #10 0x55d185d3fd5e <unknown>\nE       #11 0x55d185d43a80 <unknown>\nE       #12 0x55d185d258b0 <unknown>\nE       #13 0x55d185d44b63 <unknown>\nE       #14 0x55d185d16f75 <unknown>\nE       #15 0x55d185d67998 <unknown>\nE       #16 0x55d185d67b27 <unknown>\nE       #17 0x55d185d82c23 <unknown>\nE       #18 0x7ff7e1f15b43 <unknown>\n\n/opt/hostedtoolcache/Python/3.10.10/x64/lib/python3.10/site-packages/selenium/webdriver/support/wait.py:95: TimeoutException","flaky":false,"newFailed":false,"newBroken":false,"newPassed":false,"retriesCount":0,"retriesStatusChange":false,"beforeStages":[{"name":"_xunit_setup_method_fixture_TestConduit","time":{"start":1680890739853,"stop":1680890741158,"duration":1305},"status":"passed","steps":[],"attachments":[],"parameters":[],"stepsCount":0,"attachmentsCount":0,"shouldDisplayMessage":false,"hasContent":false}],"afterStages":[{"name":"_xunit_setup_method_fixture_TestConduit::0","time":{"start":1680890746672,"stop":1680890746728,"duration":56},"status":"passed","steps":[],"attachments":[],"parameters":[],"stepsCount":0,"attachmentsCount":0,"shouldDisplayMessage":false,"hasContent":false}],"labels":[{"name":"parentSuite","value":"vizsgaremek_automata_teszt"},{"name":"suite","value":"test_Conduit"},{"name":"subSuite","value":"TestConduit"},{"name":"host","value":"fv-az175-361"},{"name":"thread","value":"3069-MainThread"},{"name":"framework","value":"pytest"},{"name":"language","value":"cpython3"},{"name":"package","value":"vizsgaremek_automata_teszt.test_Conduit"},{"name":"resultFormat","value":"allure2"}],"parameters":[],"links":[],"hidden":false,"retry":false,"extra":{"severity":"normal","retries":[],"categories":[{"name":"Test defects","matchedStatuses":[],"flaky":false}],"tags":[]},"source":"46783d10f71e27ce.json","parameterValues":[]}