{"uid":"615829c7b0d9ef85","name":"test_new_article","fullName":"vizsgaremek_automata_teszt.test_Conduit.TestConduit#test_new_article","historyId":"946e243fdaf4206752e5cc13199e29ee","time":{"start":1680890748016,"stop":1680890753536,"duration":5520},"status":"broken","statusMessage":"selenium.common.exceptions.TimeoutException: Message: \nStacktrace:\n#0 0x55f0ba83b243 <unknown>\n#1 0x55f0ba5ff7a6 <unknown>\n#2 0x55f0ba63c64d <unknown>\n#3 0x55f0ba63c761 <unknown>\n#4 0x55f0ba677da4 <unknown>\n#5 0x55f0ba65d0ad <unknown>\n#6 0x55f0ba675932 <unknown>\n#7 0x55f0ba65ce53 <unknown>\n#8 0x55f0ba62f9ea <unknown>\n#9 0x55f0ba630b2e <unknown>\n#10 0x55f0ba88fd5e <unknown>\n#11 0x55f0ba893a80 <unknown>\n#12 0x55f0ba8758b0 <unknown>\n#13 0x55f0ba894b63 <unknown>\n#14 0x55f0ba866f75 <unknown>\n#15 0x55f0ba8b7998 <unknown>\n#16 0x55f0ba8b7b27 <unknown>\n#17 0x55f0ba8d2c23 <unknown>\n#18 0x7f59c2f61b43 <unknown>","statusTrace":"self = <test_Conduit.TestConduit object at 0x7fa6c980d1e0>\n\n    def test_new_article(self):\n        self.accept_cookie()\n>       self.login()\n\nvizsgaremek_automata_teszt/test_Conduit.py:61: \n_ _ _ _ _ _ _ _ _ _ _ _ _ _ _ _ _ _ _ _ _ _ _ _ _ _ _ _ _ _ _ _ _ _ _ _ _ _ _ _ \nvizsgaremek_automata_teszt/fuggvenyek.py:85: in login\n    user_name = WebDriverWait(self.browser, 5).until(\n_ _ _ _ _ _ _ _ _ _ _ _ _ _ _ _ _ _ _ _ _ _ _ _ _ _ _ _ _ _ _ _ _ _ _ _ _ _ _ _ \n\nself = <selenium.webdriver.support.wait.WebDriverWait (session=\"96ad6de0e69d1170783235be06c2d7c3\")>\nmethod = <function presence_of_element_located.<locals>._predicate at 0x7fa6c9774820>\nmessage = ''\n\n    def until(self, method, message: str = \"\"):\n        \"\"\"Calls the method provided with the driver as an argument until the \\\n        return value does not evaluate to ``False``.\n    \n        :param method: callable(WebDriver)\n        :param message: optional message for :exc:`TimeoutException`\n        :returns: the result of the last call to `method`\n        :raises: :exc:`selenium.common.exceptions.TimeoutException` if timeout occurs\n        \"\"\"\n        screen = None\n        stacktrace = None\n    \n        end_time = time.monotonic() + self._timeout\n        while True:\n            try:\n                value = method(self._driver)\n                if value:\n                    return value\n            except self._ignored_exceptions as exc:\n                screen = getattr(exc, \"screen\", None)\n                stacktrace = getattr(exc, \"stacktrace\", None)\n            time.sleep(self._poll)\n            if time.monotonic() > end_time:\n                break\n>       raise TimeoutException(message, screen, stacktrace)\nE       selenium.common.exceptions.TimeoutException: Message: \nE       Stacktrace:\nE       #0 0x55f0ba83b243 <unknown>\nE       #1 0x55f0ba5ff7a6 <unknown>\nE       #2 0x55f0ba63c64d <unknown>\nE       #3 0x55f0ba63c761 <unknown>\nE       #4 0x55f0ba677da4 <unknown>\nE       #5 0x55f0ba65d0ad <unknown>\nE       #6 0x55f0ba675932 <unknown>\nE       #7 0x55f0ba65ce53 <unknown>\nE       #8 0x55f0ba62f9ea <unknown>\nE       #9 0x55f0ba630b2e <unknown>\nE       #10 0x55f0ba88fd5e <unknown>\nE       #11 0x55f0ba893a80 <unknown>\nE       #12 0x55f0ba8758b0 <unknown>\nE       #13 0x55f0ba894b63 <unknown>\nE       #14 0x55f0ba866f75 <unknown>\nE       #15 0x55f0ba8b7998 <unknown>\nE       #16 0x55f0ba8b7b27 <unknown>\nE       #17 0x55f0ba8d2c23 <unknown>\nE       #18 0x7f59c2f61b43 <unknown>\n\n/opt/hostedtoolcache/Python/3.10.10/x64/lib/python3.10/site-packages/selenium/webdriver/support/wait.py:95: TimeoutException","flaky":false,"newFailed":false,"newBroken":false,"newPassed":false,"retriesCount":0,"retriesStatusChange":false,"beforeStages":[{"name":"_xunit_setup_method_fixture_TestConduit","time":{"start":1680890746730,"stop":1680890748015,"duration":1285},"status":"passed","steps":[],"attachments":[],"parameters":[],"stepsCount":0,"attachmentsCount":0,"shouldDisplayMessage":false,"hasContent":false}],"afterStages":[{"name":"_xunit_setup_method_fixture_TestConduit::0","time":{"start":1680890753547,"stop":1680890753606,"duration":59},"status":"passed","steps":[],"attachments":[],"parameters":[],"stepsCount":0,"attachmentsCount":0,"shouldDisplayMessage":false,"hasContent":false}],"labels":[{"name":"parentSuite","value":"vizsgaremek_automata_teszt"},{"name":"suite","value":"test_Conduit"},{"name":"subSuite","value":"TestConduit"},{"name":"host","value":"fv-az175-361"},{"name":"thread","value":"3069-MainThread"},{"name":"framework","value":"pytest"},{"name":"language","value":"cpython3"},{"name":"package","value":"vizsgaremek_automata_teszt.test_Conduit"},{"name":"resultFormat","value":"allure2"}],"parameters":[],"links":[],"hidden":false,"retry":false,"extra":{"severity":"normal","retries":[],"categories":[{"name":"Test defects","matchedStatuses":[],"flaky":false}],"tags":[]},"source":"615829c7b0d9ef85.json","parameterValues":[]}