{"uid":"ca9ab7c7b81faa0","name":"test_login","fullName":"vizsgaremek_automata_teszt.test_Conduit.TestConduit#test_login","historyId":"96d9b77daf4da2494db298b0d8a660c7","time":{"start":1680890727339,"stop":1680890732853,"duration":5514},"status":"broken","statusMessage":"selenium.common.exceptions.TimeoutException: Message: \nStacktrace:\n#0 0x556fe8054243 <unknown>\n#1 0x556fe7e187a6 <unknown>\n#2 0x556fe7e5564d <unknown>\n#3 0x556fe7e55761 <unknown>\n#4 0x556fe7e90da4 <unknown>\n#5 0x556fe7e760ad <unknown>\n#6 0x556fe7e8e932 <unknown>\n#7 0x556fe7e75e53 <unknown>\n#8 0x556fe7e489ea <unknown>\n#9 0x556fe7e49b2e <unknown>\n#10 0x556fe80a8d5e <unknown>\n#11 0x556fe80aca80 <unknown>\n#12 0x556fe808e8b0 <unknown>\n#13 0x556fe80adb63 <unknown>\n#14 0x556fe807ff75 <unknown>\n#15 0x556fe80d0998 <unknown>\n#16 0x556fe80d0b27 <unknown>\n#17 0x556fe80ebc23 <unknown>\n#18 0x7fc562da0b43 <unknown>","statusTrace":"self = <test_Conduit.TestConduit object at 0x7fa6c980cdf0>\n\n    def test_login(self):\n        self.accept_cookie()\n>       self.login()\n\nvizsgaremek_automata_teszt/test_Conduit.py:44: \n_ _ _ _ _ _ _ _ _ _ _ _ _ _ _ _ _ _ _ _ _ _ _ _ _ _ _ _ _ _ _ _ _ _ _ _ _ _ _ _ \nvizsgaremek_automata_teszt/fuggvenyek.py:85: in login\n    user_name = WebDriverWait(self.browser, 5).until(\n_ _ _ _ _ _ _ _ _ _ _ _ _ _ _ _ _ _ _ _ _ _ _ _ _ _ _ _ _ _ _ _ _ _ _ _ _ _ _ _ \n\nself = <selenium.webdriver.support.wait.WebDriverWait (session=\"7763e982f2bcc5133836c5313074d22a\")>\nmethod = <function presence_of_element_located.<locals>._predicate at 0x7fa6c9718940>\nmessage = ''\n\n    def until(self, method, message: str = \"\"):\n        \"\"\"Calls the method provided with the driver as an argument until the \\\n        return value does not evaluate to ``False``.\n    \n        :param method: callable(WebDriver)\n        :param message: optional message for :exc:`TimeoutException`\n        :returns: the result of the last call to `method`\n        :raises: :exc:`selenium.common.exceptions.TimeoutException` if timeout occurs\n        \"\"\"\n        screen = None\n        stacktrace = None\n    \n        end_time = time.monotonic() + self._timeout\n        while True:\n            try:\n                value = method(self._driver)\n                if value:\n                    return value\n            except self._ignored_exceptions as exc:\n                screen = getattr(exc, \"screen\", None)\n                stacktrace = getattr(exc, \"stacktrace\", None)\n            time.sleep(self._poll)\n            if time.monotonic() > end_time:\n                break\n>       raise TimeoutException(message, screen, stacktrace)\nE       selenium.common.exceptions.TimeoutException: Message: \nE       Stacktrace:\nE       #0 0x556fe8054243 <unknown>\nE       #1 0x556fe7e187a6 <unknown>\nE       #2 0x556fe7e5564d <unknown>\nE       #3 0x556fe7e55761 <unknown>\nE       #4 0x556fe7e90da4 <unknown>\nE       #5 0x556fe7e760ad <unknown>\nE       #6 0x556fe7e8e932 <unknown>\nE       #7 0x556fe7e75e53 <unknown>\nE       #8 0x556fe7e489ea <unknown>\nE       #9 0x556fe7e49b2e <unknown>\nE       #10 0x556fe80a8d5e <unknown>\nE       #11 0x556fe80aca80 <unknown>\nE       #12 0x556fe808e8b0 <unknown>\nE       #13 0x556fe80adb63 <unknown>\nE       #14 0x556fe807ff75 <unknown>\nE       #15 0x556fe80d0998 <unknown>\nE       #16 0x556fe80d0b27 <unknown>\nE       #17 0x556fe80ebc23 <unknown>\nE       #18 0x7fc562da0b43 <unknown>\n\n/opt/hostedtoolcache/Python/3.10.10/x64/lib/python3.10/site-packages/selenium/webdriver/support/wait.py:95: TimeoutException","flaky":false,"newFailed":false,"newBroken":false,"newPassed":false,"retriesCount":0,"retriesStatusChange":false,"beforeStages":[{"name":"_xunit_setup_method_fixture_TestConduit","time":{"start":1680890726025,"stop":1680890727338,"duration":1313},"status":"passed","steps":[],"attachments":[],"parameters":[],"stepsCount":0,"attachmentsCount":0,"shouldDisplayMessage":false,"hasContent":false}],"afterStages":[{"name":"_xunit_setup_method_fixture_TestConduit::0","time":{"start":1680890732904,"stop":1680890732961,"duration":57},"status":"passed","steps":[],"attachments":[],"parameters":[],"stepsCount":0,"attachmentsCount":0,"shouldDisplayMessage":false,"hasContent":false}],"labels":[{"name":"parentSuite","value":"vizsgaremek_automata_teszt"},{"name":"suite","value":"test_Conduit"},{"name":"subSuite","value":"TestConduit"},{"name":"host","value":"fv-az175-361"},{"name":"thread","value":"3069-MainThread"},{"name":"framework","value":"pytest"},{"name":"language","value":"cpython3"},{"name":"package","value":"vizsgaremek_automata_teszt.test_Conduit"},{"name":"resultFormat","value":"allure2"}],"parameters":[],"links":[],"hidden":false,"retry":false,"extra":{"severity":"normal","retries":[],"categories":[{"name":"Test defects","matchedStatuses":[],"flaky":false}],"tags":[]},"source":"ca9ab7c7b81faa0.json","parameterValues":[]}